  ApiOverride.cpp
c:\users\viethq\desktop\winapioverride32_src (1)\tools\process\apioverride\apioverride.cpp(161): warning C4996: 'wcscpy': This function or variable may be unsafe. Consider using wcscpy_s instead. To disable deprecation, use _CRT_SECURE_NO_WARNINGS. See online help for details.
  c:\program files (x86)\windows kits\10\include\10.0.10240.0\ucrt\corecrt_wstring.h(121): note: see declaration of 'wcscpy'
c:\users\viethq\desktop\winapioverride32_src (1)\tools\process\apioverride\apioverride.cpp(162): warning C4996: 'wcscat': This function or variable may be unsafe. Consider using wcscat_s instead. To disable deprecation, use _CRT_SECURE_NO_WARNINGS. See online help for details.
  c:\program files (x86)\windows kits\10\include\10.0.10240.0\ucrt\corecrt_wstring.h(101): note: see declaration of 'wcscat'
c:\users\viethq\desktop\winapioverride32_src (1)\tools\process\apioverride\apioverride.cpp(166): warning C4996: '_swprintf': This function or variable may be unsafe. Consider using _swprintf_s instead. To disable deprecation, use _CRT_SECURE_NO_WARNINGS. See online help for details.
  c:\program files (x86)\windows kits\10\include\10.0.10240.0\ucrt\corecrt_wstdio.h(1444): note: see declaration of '_swprintf'
c:\users\viethq\desktop\winapioverride32_src (1)\tools\process\apioverride\apioverride.cpp(176): warning C4477: '_swprintf' : format string '%s' requires an argument of type 'wchar_t *', but variadic argument 1 has type 'const char *'
  c:\users\viethq\desktop\winapioverride32_src (1)\tools\process\apioverride\apioverride.cpp(176): note: consider using '%hs' in the format string
  c:\users\viethq\desktop\winapioverride32_src (1)\tools\process\apioverride\apioverride.cpp(176): note: consider using '%Ts' in the format string
  c:\users\viethq\desktop\winapioverride32_src (1)\tools\process\apioverride\apioverride.cpp(176): note: consider defining _CRT_STDIO_ISO_WIDE_SPECIFIERS if C99 standard semantics is required
c:\users\viethq\desktop\winapioverride32_src (1)\tools\process\apioverride\apioverride.cpp(176): warning C4996: '_swprintf': This function or variable may be unsafe. Consider using _swprintf_s instead. To disable deprecation, use _CRT_SECURE_NO_WARNINGS. See online help for details.
  c:\program files (x86)\windows kits\10\include\10.0.10240.0\ucrt\corecrt_wstdio.h(1444): note: see declaration of '_swprintf'
c:\users\viethq\desktop\winapioverride32_src (1)\tools\process\apioverride\apioverride.cpp(181): warning C4477: '_swprintf' : format string '%s' requires an argument of type 'wchar_t *', but variadic argument 1 has type 'const char *'
  c:\users\viethq\desktop\winapioverride32_src (1)\tools\process\apioverride\apioverride.cpp(181): note: consider using '%hs' in the format string
  c:\users\viethq\desktop\winapioverride32_src (1)\tools\process\apioverride\apioverride.cpp(181): note: consider using '%Ts' in the format string
  c:\users\viethq\desktop\winapioverride32_src (1)\tools\process\apioverride\apioverride.cpp(181): note: consider defining _CRT_STDIO_ISO_WIDE_SPECIFIERS if C99 standard semantics is required
c:\users\viethq\desktop\winapioverride32_src (1)\tools\process\apioverride\apioverride.cpp(181): warning C4996: '_swprintf': This function or variable may be unsafe. Consider using _swprintf_s instead. To disable deprecation, use _CRT_SECURE_NO_WARNINGS. See online help for details.
  c:\program files (x86)\windows kits\10\include\10.0.10240.0\ucrt\corecrt_wstdio.h(1444): note: see declaration of '_swprintf'
c:\users\viethq\desktop\winapioverride32_src (1)\tools\process\apioverride\apioverride.cpp(285): warning C4458: declaration of 'hParentWindow' hides class member
  c:\users\viethq\desktop\winapioverride32_src (1)\tools\process\apioverride\apioverride.h(167): note: see declaration of 'CApiOverride::hParentWindow'
c:\users\viethq\desktop\winapioverride32_src (1)\tools\process\apioverride\apioverride.cpp(346): warning C4996: '_snwprintf': This function or variable may be unsafe. Consider using _snwprintf_s instead. To disable deprecation, use _CRT_SECURE_NO_WARNINGS. See online help for details.
  c:\program files (x86)\windows kits\10\include\10.0.10240.0\ucrt\corecrt_wstdio.h(1665): note: see declaration of '_snwprintf'
c:\users\viethq\desktop\winapioverride32_src (1)\tools\process\apioverride\apioverride.cpp(349): warning C4996: 'wcscat': This function or variable may be unsafe. Consider using wcscat_s instead. To disable deprecation, use _CRT_SECURE_NO_WARNINGS. See online help for details.
  c:\program files (x86)\windows kits\10\include\10.0.10240.0\ucrt\corecrt_wstring.h(101): note: see declaration of 'wcscat'
c:\users\viethq\desktop\winapioverride32_src (1)\tools\process\apioverride\apioverride.cpp(350): warning C4996: 'wcscat': This function or variable may be unsafe. Consider using wcscat_s instead. To disable deprecation, use _CRT_SECURE_NO_WARNINGS. See online help for details.
  c:\program files (x86)\windows kits\10\include\10.0.10240.0\ucrt\corecrt_wstring.h(101): note: see declaration of 'wcscat'
c:\users\viethq\desktop\winapioverride32_src (1)\tools\process\apioverride\apioverride.cpp(351): warning C4996: 'wcscat': This function or variable may be unsafe. Consider using wcscat_s instead. To disable deprecation, use _CRT_SECURE_NO_WARNINGS. See online help for details.
  c:\program files (x86)\windows kits\10\include\10.0.10240.0\ucrt\corecrt_wstring.h(101): note: see declaration of 'wcscat'
c:\users\viethq\desktop\winapioverride32_src (1)\tools\process\apioverride\apioverride.cpp(380): warning C4458: declaration of 'ProcessName' hides class member
  c:\users\viethq\desktop\winapioverride32_src (1)\tools\process\apioverride\apioverride.h(109): note: see declaration of 'CApiOverride::ProcessName'
c:\users\viethq\desktop\winapioverride32_src (1)\tools\process\apioverride\apioverride.cpp(385): warning C4996: 'wcsncpy': This function or variable may be unsafe. Consider using wcsncpy_s instead. To disable deprecation, use _CRT_SECURE_NO_WARNINGS. See online help for details.
  c:\program files (x86)\windows kits\10\include\10.0.10240.0\ucrt\corecrt_wstring.h(204): note: see declaration of 'wcsncpy'
c:\users\viethq\desktop\winapioverride32_src (1)\tools\process\apioverride\apioverride.cpp(399): warning C4458: declaration of 'ProcessFullPathName' hides class member
  c:\users\viethq\desktop\winapioverride32_src (1)\tools\process\apioverride\apioverride.h(108): note: see declaration of 'CApiOverride::ProcessFullPathName'
c:\users\viethq\desktop\winapioverride32_src (1)\tools\process\apioverride\apioverride.cpp(404): warning C4996: 'wcsncpy': This function or variable may be unsafe. Consider using wcsncpy_s instead. To disable deprecation, use _CRT_SECURE_NO_WARNINGS. See online help for details.
  c:\program files (x86)\windows kits\10\include\10.0.10240.0\ucrt\corecrt_wstring.h(204): note: see declaration of 'wcsncpy'
c:\users\viethq\desktop\winapioverride32_src (1)\tools\process\apioverride\apioverride.cpp(445): warning C4996: 'wcscat': This function or variable may be unsafe. Consider using wcscat_s instead. To disable deprecation, use _CRT_SECURE_NO_WARNINGS. See online help for details.
  c:\program files (x86)\windows kits\10\include\10.0.10240.0\ucrt\corecrt_wstring.h(101): note: see declaration of 'wcscat'
c:\users\viethq\desktop\winapioverride32_src (1)\tools\process\apioverride\apioverride.cpp(450): warning C4996: '_swprintf': This function or variable may be unsafe. Consider using _swprintf_s instead. To disable deprecation, use _CRT_SECURE_NO_WARNINGS. See online help for details.
  c:\program files (x86)\windows kits\10\include\10.0.10240.0\ucrt\corecrt_wstdio.h(1444): note: see declaration of '_swprintf'
c:\users\viethq\desktop\winapioverride32_src (1)\tools\process\apioverride\apioverride.cpp(609): warning C4996: '_swprintf': This function or variable may be unsafe. Consider using _swprintf_s instead. To disable deprecation, use _CRT_SECURE_NO_WARNINGS. See online help for details.
  c:\program files (x86)\windows kits\10\include\10.0.10240.0\ucrt\corecrt_wstdio.h(1444): note: see declaration of '_swprintf'
c:\users\viethq\desktop\winapioverride32_src (1)\tools\process\apioverride\apioverride.cpp(611): warning C4996: '_swprintf': This function or variable may be unsafe. Consider using _swprintf_s instead. To disable deprecation, use _CRT_SECURE_NO_WARNINGS. See online help for details.
  c:\program files (x86)\windows kits\10\include\10.0.10240.0\ucrt\corecrt_wstdio.h(1444): note: see declaration of '_swprintf'
c:\users\viethq\desktop\winapioverride32_src (1)\tools\process\apioverride\apioverride.cpp(698): warning C4996: 'wcsncpy': This function or variable may be unsafe. Consider using wcsncpy_s instead. To disable deprecation, use _CRT_SECURE_NO_WARNINGS. See online help for details.
  c:\program files (x86)\windows kits\10\include\10.0.10240.0\ucrt\corecrt_wstring.h(204): note: see declaration of 'wcsncpy'
c:\users\viethq\desktop\winapioverride32_src (1)\tools\process\apioverride\apioverride.cpp(745): warning C4996: 'wcsncpy': This function or variable may be unsafe. Consider using wcsncpy_s instead. To disable deprecation, use _CRT_SECURE_NO_WARNINGS. See online help for details.
  c:\program files (x86)\windows kits\10\include\10.0.10240.0\ucrt\corecrt_wstring.h(204): note: see declaration of 'wcsncpy'
c:\users\viethq\desktop\winapioverride32_src (1)\tools\process\apioverride\apioverride.cpp(859): warning C4996: '_swprintf': This function or variable may be unsafe. Consider using _swprintf_s instead. To disable deprecation, use _CRT_SECURE_NO_WARNINGS. See online help for details.
  c:\program files (x86)\windows kits\10\include\10.0.10240.0\ucrt\corecrt_wstdio.h(1444): note: see declaration of '_swprintf'
c:\users\viethq\desktop\winapioverride32_src (1)\tools\process\apioverride\apioverride.cpp(861): warning C4996: '_swprintf': This function or variable may be unsafe. Consider using _swprintf_s instead. To disable deprecation, use _CRT_SECURE_NO_WARNINGS. See online help for details.
  c:\program files (x86)\windows kits\10\include\10.0.10240.0\ucrt\corecrt_wstdio.h(1444): note: see declaration of '_swprintf'
c:\users\viethq\desktop\winapioverride32_src (1)\tools\process\apioverride\apioverride.cpp(972): warning C4458: declaration of 'AutoAnalysis' hides class member
  c:\users\viethq\desktop\winapioverride32_src (1)\tools\process\apioverride\apioverride.h(158): note: see declaration of 'CApiOverride::AutoAnalysis'
c:\users\viethq\desktop\winapioverride32_src (1)\tools\process\apioverride\apioverride.cpp(1009): warning C4458: declaration of 'bLogCallStack' hides class member
  c:\users\viethq\desktop\winapioverride32_src (1)\tools\process\apioverride\apioverride.h(159): note: see declaration of 'CApiOverride::bLogCallStack'
c:\users\viethq\desktop\winapioverride32_src (1)\tools\process\apioverride\apioverride.cpp(1196): warning C4458: declaration of 'pCallBackLogFunc' hides class member
  c:\users\viethq\desktop\winapioverride32_src (1)\tools\process\apioverride\apioverride.h(98): note: see declaration of 'CApiOverride::pCallBackLogFunc'
c:\users\viethq\desktop\winapioverride32_src (1)\tools\process\apioverride\apioverride.cpp(1196): warning C4458: declaration of 'bManualFreeLogEntry' hides class member
  c:\users\viethq\desktop\winapioverride32_src (1)\tools\process\apioverride\apioverride.h(99): note: see declaration of 'CApiOverride::bManualFreeLogEntry'
c:\users\viethq\desktop\winapioverride32_src (1)\tools\process\apioverride\apioverride.cpp(1353): warning C4996: 'wcsncpy': This function or variable may be unsafe. Consider using wcsncpy_s instead. To disable deprecation, use _CRT_SECURE_NO_WARNINGS. See online help for details.
  c:\program files (x86)\windows kits\10\include\10.0.10240.0\ucrt\corecrt_wstring.h(204): note: see declaration of 'wcsncpy'
c:\users\viethq\desktop\winapioverride32_src (1)\tools\process\apioverride\apioverride.cpp(1408): warning C4996: 'wcsncpy': This function or variable may be unsafe. Consider using wcsncpy_s instead. To disable deprecation, use _CRT_SECURE_NO_WARNINGS. See online help for details.
  c:\program files (x86)\windows kits\10\include\10.0.10240.0\ucrt\corecrt_wstring.h(204): note: see declaration of 'wcsncpy'
c:\users\viethq\desktop\winapioverride32_src (1)\tools\process\apioverride\apioverride.cpp(1468): warning C4996: 'wcsncpy': This function or variable may be unsafe. Consider using wcsncpy_s instead. To disable deprecation, use _CRT_SECURE_NO_WARNINGS. See online help for details.
  c:\program files (x86)\windows kits\10\include\10.0.10240.0\ucrt\corecrt_wstring.h(204): note: see declaration of 'wcsncpy'
c:\users\viethq\desktop\winapioverride32_src (1)\tools\process\apioverride\apioverride.cpp(1523): warning C4996: 'wcsncpy': This function or variable may be unsafe. Consider using wcsncpy_s instead. To disable deprecation, use _CRT_SECURE_NO_WARNINGS. See online help for details.
  c:\program files (x86)\windows kits\10\include\10.0.10240.0\ucrt\corecrt_wstring.h(204): note: see declaration of 'wcsncpy'
c:\users\viethq\desktop\winapioverride32_src (1)\tools\process\apioverride\apioverride.cpp(1705): warning C4458: declaration of 'bOnlyBaseModule' hides class member
  c:\users\viethq\desktop\winapioverride32_src (1)\tools\process\apioverride\apioverride.h(162): note: see declaration of 'CApiOverride::bOnlyBaseModule'
c:\users\viethq\desktop\winapioverride32_src (1)\tools\process\apioverride\apioverride.cpp(1826): warning C4996: 'wcscpy': This function or variable may be unsafe. Consider using wcscpy_s instead. To disable deprecation, use _CRT_SECURE_NO_WARNINGS. See online help for details.
  c:\program files (x86)\windows kits\10\include\10.0.10240.0\ucrt\corecrt_wstring.h(121): note: see declaration of 'wcscpy'
c:\users\viethq\desktop\winapioverride32_src (1)\tools\process\apioverride\apioverride.cpp(1827): warning C4996: 'wcscat': This function or variable may be unsafe. Consider using wcscat_s instead. To disable deprecation, use _CRT_SECURE_NO_WARNINGS. See online help for details.
  c:\program files (x86)\windows kits\10\include\10.0.10240.0\ucrt\corecrt_wstring.h(101): note: see declaration of 'wcscat'
c:\users\viethq\desktop\winapioverride32_src (1)\tools\process\apioverride\apioverride.cpp(1835): warning C4996: 'wcscpy': This function or variable may be unsafe. Consider using wcscpy_s instead. To disable deprecation, use _CRT_SECURE_NO_WARNINGS. See online help for details.
  c:\program files (x86)\windows kits\10\include\10.0.10240.0\ucrt\corecrt_wstring.h(121): note: see declaration of 'wcscpy'
c:\users\viethq\desktop\winapioverride32_src (1)\tools\process\apioverride\apioverride.cpp(1836): warning C4996: 'wcscat': This function or variable may be unsafe. Consider using wcscat_s instead. To disable deprecation, use _CRT_SECURE_NO_WARNINGS. See online help for details.
  c:\program files (x86)\windows kits\10\include\10.0.10240.0\ucrt\corecrt_wstring.h(101): note: see declaration of 'wcscat'
c:\users\viethq\desktop\winapioverride32_src (1)\tools\process\apioverride\apioverride.cpp(1844): warning C4996: 'wcscpy': This function or variable may be unsafe. Consider using wcscpy_s instead. To disable deprecation, use _CRT_SECURE_NO_WARNINGS. See online help for details.
  c:\program files (x86)\windows kits\10\include\10.0.10240.0\ucrt\corecrt_wstring.h(121): note: see declaration of 'wcscpy'
c:\users\viethq\desktop\winapioverride32_src (1)\tools\process\apioverride\apioverride.cpp(1845): warning C4996: 'wcscat': This function or variable may be unsafe. Consider using wcscat_s instead. To disable deprecation, use _CRT_SECURE_NO_WARNINGS. See online help for details.
  c:\program files (x86)\windows kits\10\include\10.0.10240.0\ucrt\corecrt_wstring.h(101): note: see declaration of 'wcscat'
c:\users\viethq\desktop\winapioverride32_src (1)\tools\process\apioverride\apioverride.cpp(1853): warning C4996: 'wcscpy': This function or variable may be unsafe. Consider using wcscpy_s instead. To disable deprecation, use _CRT_SECURE_NO_WARNINGS. See online help for details.
  c:\program files (x86)\windows kits\10\include\10.0.10240.0\ucrt\corecrt_wstring.h(121): note: see declaration of 'wcscpy'
c:\users\viethq\desktop\winapioverride32_src (1)\tools\process\apioverride\apioverride.cpp(1854): warning C4996: 'wcscat': This function or variable may be unsafe. Consider using wcscat_s instead. To disable deprecation, use _CRT_SECURE_NO_WARNINGS. See online help for details.
  c:\program files (x86)\windows kits\10\include\10.0.10240.0\ucrt\corecrt_wstring.h(101): note: see declaration of 'wcscat'
c:\users\viethq\desktop\winapioverride32_src (1)\tools\process\apioverride\apioverride.cpp(1862): warning C4996: 'wcscpy': This function or variable may be unsafe. Consider using wcscpy_s instead. To disable deprecation, use _CRT_SECURE_NO_WARNINGS. See online help for details.
  c:\program files (x86)\windows kits\10\include\10.0.10240.0\ucrt\corecrt_wstring.h(121): note: see declaration of 'wcscpy'
c:\users\viethq\desktop\winapioverride32_src (1)\tools\process\apioverride\apioverride.cpp(1863): warning C4996: 'wcscat': This function or variable may be unsafe. Consider using wcscat_s instead. To disable deprecation, use _CRT_SECURE_NO_WARNINGS. See online help for details.
  c:\program files (x86)\windows kits\10\include\10.0.10240.0\ucrt\corecrt_wstring.h(101): note: see declaration of 'wcscat'
c:\users\viethq\desktop\winapioverride32_src (1)\tools\process\apioverride\apioverride.cpp(1869): warning C4996: 'wcscpy': This function or variable may be unsafe. Consider using wcscpy_s instead. To disable deprecation, use _CRT_SECURE_NO_WARNINGS. See online help for details.
  c:\program files (x86)\windows kits\10\include\10.0.10240.0\ucrt\corecrt_wstring.h(121): note: see declaration of 'wcscpy'
c:\users\viethq\desktop\winapioverride32_src (1)\tools\process\apioverride\apioverride.cpp(1870): warning C4996: 'wcscat': This function or variable may be unsafe. Consider using wcscat_s instead. To disable deprecation, use _CRT_SECURE_NO_WARNINGS. See online help for details.
  c:\program files (x86)\windows kits\10\include\10.0.10240.0\ucrt\corecrt_wstring.h(101): note: see declaration of 'wcscat'
c:\users\viethq\desktop\winapioverride32_src (1)\tools\process\apioverride\apioverride.cpp(1875): warning C4996: 'wcscpy': This function or variable may be unsafe. Consider using wcscpy_s instead. To disable deprecation, use _CRT_SECURE_NO_WARNINGS. See online help for details.
  c:\program files (x86)\windows kits\10\include\10.0.10240.0\ucrt\corecrt_wstring.h(121): note: see declaration of 'wcscpy'
c:\users\viethq\desktop\winapioverride32_src (1)\tools\process\apioverride\apioverride.cpp(1991): warning C4996: 'wcsncpy': This function or variable may be unsafe. Consider using wcsncpy_s instead. To disable deprecation, use _CRT_SECURE_NO_WARNINGS. See online help for details.
  c:\program files (x86)\windows kits\10\include\10.0.10240.0\ucrt\corecrt_wstring.h(204): note: see declaration of 'wcsncpy'
c:\users\viethq\desktop\winapioverride32_src (1)\tools\process\apioverride\apioverride.cpp(2176): warning C4996: '_swprintf': This function or variable may be unsafe. Consider using _swprintf_s instead. To disable deprecation, use _CRT_SECURE_NO_WARNINGS. See online help for details.
  c:\program files (x86)\windows kits\10\include\10.0.10240.0\ucrt\corecrt_wstdio.h(1444): note: see declaration of '_swprintf'
c:\users\viethq\desktop\winapioverride32_src (1)\tools\process\apioverride\apioverride.cpp(2182): warning C4996: 'wcscat': This function or variable may be unsafe. Consider using wcscat_s instead. To disable deprecation, use _CRT_SECURE_NO_WARNINGS. See online help for details.
  c:\program files (x86)\windows kits\10\include\10.0.10240.0\ucrt\corecrt_wstring.h(101): note: see declaration of 'wcscat'
c:\users\viethq\desktop\winapioverride32_src (1)\tools\process\apioverride\apioverride.cpp(2183): warning C4996: 'wcscat': This function or variable may be unsafe. Consider using wcscat_s instead. To disable deprecation, use _CRT_SECURE_NO_WARNINGS. See online help for details.
  c:\program files (x86)\windows kits\10\include\10.0.10240.0\ucrt\corecrt_wstring.h(101): note: see declaration of 'wcscat'
c:\users\viethq\desktop\winapioverride32_src (1)\tools\process\apioverride\apioverride.cpp(2184): warning C4996: 'wcscat': This function or variable may be unsafe. Consider using wcscat_s instead. To disable deprecation, use _CRT_SECURE_NO_WARNINGS. See online help for details.
  c:\program files (x86)\windows kits\10\include\10.0.10240.0\ucrt\corecrt_wstring.h(101): note: see declaration of 'wcscat'
c:\users\viethq\desktop\winapioverride32_src (1)\tools\process\apioverride\apioverride.cpp(2186): warning C4996: 'wcscat': This function or variable may be unsafe. Consider using wcscat_s instead. To disable deprecation, use _CRT_SECURE_NO_WARNINGS. See online help for details.
  c:\program files (x86)\windows kits\10\include\10.0.10240.0\ucrt\corecrt_wstring.h(101): note: see declaration of 'wcscat'
c:\users\viethq\desktop\winapioverride32_src (1)\tools\process\apioverride\apioverride.cpp(2195): warning C4996: 'wcscpy': This function or variable may be unsafe. Consider using wcscpy_s instead. To disable deprecation, use _CRT_SECURE_NO_WARNINGS. See online help for details.
  c:\program files (x86)\windows kits\10\include\10.0.10240.0\ucrt\corecrt_wstring.h(121): note: see declaration of 'wcscpy'
c:\users\viethq\desktop\winapioverride32_src (1)\tools\process\apioverride\apioverride.cpp(2196): warning C4996: 'wcscat': This function or variable may be unsafe. Consider using wcscat_s instead. To disable deprecation, use _CRT_SECURE_NO_WARNINGS. See online help for details.
  c:\program files (x86)\windows kits\10\include\10.0.10240.0\ucrt\corecrt_wstring.h(101): note: see declaration of 'wcscat'
c:\users\viethq\desktop\winapioverride32_src (1)\tools\process\apioverride\apioverride.cpp(2333): warning C4996: '_swprintf': This function or variable may be unsafe. Consider using _swprintf_s instead. To disable deprecation, use _CRT_SECURE_NO_WARNINGS. See online help for details.
  c:\program files (x86)\windows kits\10\include\10.0.10240.0\ucrt\corecrt_wstdio.h(1444): note: see declaration of '_swprintf'
c:\users\viethq\desktop\winapioverride32_src (1)\tools\process\apioverride\apioverride.cpp(2335): warning C4996: 'wcscpy': This function or variable may be unsafe. Consider using wcscpy_s instead. To disable deprecation, use _CRT_SECURE_NO_WARNINGS. See online help for details.
  c:\program files (x86)\windows kits\10\include\10.0.10240.0\ucrt\corecrt_wstring.h(121): note: see declaration of 'wcscpy'
c:\users\viethq\desktop\winapioverride32_src (1)\tools\process\apioverride\apioverride.cpp(2336): warning C4996: 'wcscat': This function or variable may be unsafe. Consider using wcscat_s instead. To disable deprecation, use _CRT_SECURE_NO_WARNINGS. See online help for details.
  c:\program files (x86)\windows kits\10\include\10.0.10240.0\ucrt\corecrt_wstring.h(101): note: see declaration of 'wcscat'
c:\users\viethq\desktop\winapioverride32_src (1)\tools\process\apioverride\apioverride.cpp(2461): warning C4996: 'wcscpy': This function or variable may be unsafe. Consider using wcscpy_s instead. To disable deprecation, use _CRT_SECURE_NO_WARNINGS. See online help for details.
  c:\program files (x86)\windows kits\10\include\10.0.10240.0\ucrt\corecrt_wstring.h(121): note: see declaration of 'wcscpy'
c:\users\viethq\desktop\winapioverride32_src (1)\tools\process\apioverride\apioverride.cpp(2462): warning C4996: 'wcscat': This function or variable may be unsafe. Consider using wcscat_s instead. To disable deprecation, use _CRT_SECURE_NO_WARNINGS. See online help for details.
  c:\program files (x86)\windows kits\10\include\10.0.10240.0\ucrt\corecrt_wstring.h(101): note: see declaration of 'wcscat'
c:\users\viethq\desktop\winapioverride32_src (1)\tools\process\apioverride\apioverride.cpp(2470): warning C4996: '_snwprintf': This function or variable may be unsafe. Consider using _snwprintf_s instead. To disable deprecation, use _CRT_SECURE_NO_WARNINGS. See online help for details.
  c:\program files (x86)\windows kits\10\include\10.0.10240.0\ucrt\corecrt_wstdio.h(1665): note: see declaration of '_snwprintf'
c:\users\viethq\desktop\winapioverride32_src (1)\tools\process\apioverride\apioverride.cpp(2561): warning C4996: '_snwprintf': This function or variable may be unsafe. Consider using _snwprintf_s instead. To disable deprecation, use _CRT_SECURE_NO_WARNINGS. See online help for details.
  c:\program files (x86)\windows kits\10\include\10.0.10240.0\ucrt\corecrt_wstdio.h(1665): note: see declaration of '_snwprintf'
c:\users\viethq\desktop\winapioverride32_src (1)\tools\process\apioverride\apioverride.cpp(2597): warning C4996: '_swprintf': This function or variable may be unsafe. Consider using _swprintf_s instead. To disable deprecation, use _CRT_SECURE_NO_WARNINGS. See online help for details.
  c:\program files (x86)\windows kits\10\include\10.0.10240.0\ucrt\corecrt_wstdio.h(1444): note: see declaration of '_swprintf'
c:\users\viethq\desktop\winapioverride32_src (1)\tools\process\apioverride\apioverride.cpp(2598): warning C4996: 'wcscpy': This function or variable may be unsafe. Consider using wcscpy_s instead. To disable deprecation, use _CRT_SECURE_NO_WARNINGS. See online help for details.
  c:\program files (x86)\windows kits\10\include\10.0.10240.0\ucrt\corecrt_wstring.h(121): note: see declaration of 'wcscpy'
c:\users\viethq\desktop\winapioverride32_src (1)\tools\process\apioverride\apioverride.cpp(2599): warning C4996: 'wcscat': This function or variable may be unsafe. Consider using wcscat_s instead. To disable deprecation, use _CRT_SECURE_NO_WARNINGS. See online help for details.
  c:\program files (x86)\windows kits\10\include\10.0.10240.0\ucrt\corecrt_wstring.h(101): note: see declaration of 'wcscat'
c:\users\viethq\desktop\winapioverride32_src (1)\tools\process\apioverride\apioverride.cpp(2639): warning C4996: 'wcscpy': This function or variable may be unsafe. Consider using wcscpy_s instead. To disable deprecation, use _CRT_SECURE_NO_WARNINGS. See online help for details.
  c:\program files (x86)\windows kits\10\include\10.0.10240.0\ucrt\corecrt_wstring.h(121): note: see declaration of 'wcscpy'
c:\users\viethq\desktop\winapioverride32_src (1)\tools\process\apioverride\apioverride.cpp(2670): warning C4996: '_snwprintf': This function or variable may be unsafe. Consider using _snwprintf_s instead. To disable deprecation, use _CRT_SECURE_NO_WARNINGS. See online help for details.
  c:\program files (x86)\windows kits\10\include\10.0.10240.0\ucrt\corecrt_wstdio.h(1665): note: see declaration of '_snwprintf'
c:\users\viethq\desktop\winapioverride32_src (1)\tools\process\apioverride\apioverride.cpp(2676): warning C4996: 'wcscpy': This function or variable may be unsafe. Consider using wcscpy_s instead. To disable deprecation, use _CRT_SECURE_NO_WARNINGS. See online help for details.
  c:\program files (x86)\windows kits\10\include\10.0.10240.0\ucrt\corecrt_wstring.h(121): note: see declaration of 'wcscpy'
c:\users\viethq\desktop\winapioverride32_src (1)\tools\process\apioverride\apioverride.cpp(2677): warning C4996: 'wcscat': This function or variable may be unsafe. Consider using wcscat_s instead. To disable deprecation, use _CRT_SECURE_NO_WARNINGS. See online help for details.
  c:\program files (x86)\windows kits\10\include\10.0.10240.0\ucrt\corecrt_wstring.h(101): note: see declaration of 'wcscat'
c:\users\viethq\desktop\winapioverride32_src (1)\tools\process\apioverride\apioverride.cpp(2681): warning C4996: '_snwprintf': This function or variable may be unsafe. Consider using _snwprintf_s instead. To disable deprecation, use _CRT_SECURE_NO_WARNINGS. See online help for details.
  c:\program files (x86)\windows kits\10\include\10.0.10240.0\ucrt\corecrt_wstdio.h(1665): note: see declaration of '_snwprintf'
c:\users\viethq\desktop\winapioverride32_src (1)\tools\process\apioverride\apioverride.cpp(2687): warning C4996: '_swprintf': This function or variable may be unsafe. Consider using _swprintf_s instead. To disable deprecation, use _CRT_SECURE_NO_WARNINGS. See online help for details.
  c:\program files (x86)\windows kits\10\include\10.0.10240.0\ucrt\corecrt_wstdio.h(1444): note: see declaration of '_swprintf'
c:\users\viethq\desktop\winapioverride32_src (1)\tools\process\apioverride\apioverride.cpp(2711): warning C4996: 'wcscpy': This function or variable may be unsafe. Consider using wcscpy_s instead. To disable deprecation, use _CRT_SECURE_NO_WARNINGS. See online help for details.
  c:\program files (x86)\windows kits\10\include\10.0.10240.0\ucrt\corecrt_wstring.h(121): note: see declaration of 'wcscpy'
c:\users\viethq\desktop\winapioverride32_src (1)\tools\process\apioverride\apioverride.cpp(2712): warning C4996: 'wcscat': This function or variable may be unsafe. Consider using wcscat_s instead. To disable deprecation, use _CRT_SECURE_NO_WARNINGS. See online help for details.
  c:\program files (x86)\windows kits\10\include\10.0.10240.0\ucrt\corecrt_wstring.h(101): note: see declaration of 'wcscat'
c:\users\viethq\desktop\winapioverride32_src (1)\tools\process\apioverride\apioverride.cpp(2718): warning C4996: '_snwprintf': This function or variable may be unsafe. Consider using _snwprintf_s instead. To disable deprecation, use _CRT_SECURE_NO_WARNINGS. See online help for details.
  c:\program files (x86)\windows kits\10\include\10.0.10240.0\ucrt\corecrt_wstdio.h(1665): note: see declaration of '_snwprintf'
c:\users\viethq\desktop\winapioverride32_src (1)\tools\process\apioverride\apioverride.cpp(2722): warning C4996: 'wcscpy': This function or variable may be unsafe. Consider using wcscpy_s instead. To disable deprecation, use _CRT_SECURE_NO_WARNINGS. See online help for details.
  c:\program files (x86)\windows kits\10\include\10.0.10240.0\ucrt\corecrt_wstring.h(121): note: see declaration of 'wcscpy'
c:\users\viethq\desktop\winapioverride32_src (1)\tools\process\apioverride\apioverride.cpp(2723): warning C4996: 'wcscat': This function or variable may be unsafe. Consider using wcscat_s instead. To disable deprecation, use _CRT_SECURE_NO_WARNINGS. See online help for details.
  c:\program files (x86)\windows kits\10\include\10.0.10240.0\ucrt\corecrt_wstring.h(101): note: see declaration of 'wcscat'
c:\users\viethq\desktop\winapioverride32_src (1)\tools\process\apioverride\apioverride.cpp(2725): warning C4996: 'wcscpy': This function or variable may be unsafe. Consider using wcscpy_s instead. To disable deprecation, use _CRT_SECURE_NO_WARNINGS. See online help for details.
  c:\program files (x86)\windows kits\10\include\10.0.10240.0\ucrt\corecrt_wstring.h(121): note: see declaration of 'wcscpy'
c:\users\viethq\desktop\winapioverride32_src (1)\tools\process\apioverride\apioverride.cpp(2726): warning C4996: 'wcscat': This function or variable may be unsafe. Consider using wcscat_s instead. To disable deprecation, use _CRT_SECURE_NO_WARNINGS. See online help for details.
  c:\program files (x86)\windows kits\10\include\10.0.10240.0\ucrt\corecrt_wstring.h(101): note: see declaration of 'wcscat'
c:\users\viethq\desktop\winapioverride32_src (1)\tools\process\apioverride\apioverride.cpp(2728): warning C4996: 'wcscpy': This function or variable may be unsafe. Consider using wcscpy_s instead. To disable deprecation, use _CRT_SECURE_NO_WARNINGS. See online help for details.
  c:\program files (x86)\windows kits\10\include\10.0.10240.0\ucrt\corecrt_wstring.h(121): note: see declaration of 'wcscpy'
c:\users\viethq\desktop\winapioverride32_src (1)\tools\process\apioverride\apioverride.cpp(2729): warning C4996: 'wcscat': This function or variable may be unsafe. Consider using wcscat_s instead. To disable deprecation, use _CRT_SECURE_NO_WARNINGS. See online help for details.
  c:\program files (x86)\windows kits\10\include\10.0.10240.0\ucrt\corecrt_wstring.h(101): note: see declaration of 'wcscat'
c:\users\viethq\desktop\winapioverride32_src (1)\tools\process\apioverride\apioverride.cpp(2731): warning C4996: 'wcscpy': This function or variable may be unsafe. Consider using wcscpy_s instead. To disable deprecation, use _CRT_SECURE_NO_WARNINGS. See online help for details.
  c:\program files (x86)\windows kits\10\include\10.0.10240.0\ucrt\corecrt_wstring.h(121): note: see declaration of 'wcscpy'
c:\users\viethq\desktop\winapioverride32_src (1)\tools\process\apioverride\apioverride.cpp(2732): warning C4996: 'wcscat': This function or variable may be unsafe. Consider using wcscat_s instead. To disable deprecation, use _CRT_SECURE_NO_WARNINGS. See online help for details.
  c:\program files (x86)\windows kits\10\include\10.0.10240.0\ucrt\corecrt_wstring.h(101): note: see declaration of 'wcscat'
c:\users\viethq\desktop\winapioverride32_src (1)\tools\process\apioverride\apioverride.cpp(2738): warning C4996: 'wcscpy': This function or variable may be unsafe. Consider using wcscpy_s instead. To disable deprecation, use _CRT_SECURE_NO_WARNINGS. See online help for details.
  c:\program files (x86)\windows kits\10\include\10.0.10240.0\ucrt\corecrt_wstring.h(121): note: see declaration of 'wcscpy'
c:\users\viethq\desktop\winapioverride32_src (1)\tools\process\apioverride\apioverride.cpp(2739): warning C4996: 'wcscat': This function or variable may be unsafe. Consider using wcscat_s instead. To disable deprecation, use _CRT_SECURE_NO_WARNINGS. See online help for details.
  c:\program files (x86)\windows kits\10\include\10.0.10240.0\ucrt\corecrt_wstring.h(101): note: see declaration of 'wcscat'
c:\users\viethq\desktop\winapioverride32_src (1)\tools\process\apioverride\apioverride.cpp(2741): warning C4996: 'wcscpy': This function or variable may be unsafe. Consider using wcscpy_s instead. To disable deprecation, use _CRT_SECURE_NO_WARNINGS. See online help for details.
  c:\program files (x86)\windows kits\10\include\10.0.10240.0\ucrt\corecrt_wstring.h(121): note: see declaration of 'wcscpy'
c:\users\viethq\desktop\winapioverride32_src (1)\tools\process\apioverride\apioverride.cpp(2742): warning C4996: 'wcscat': This function or variable may be unsafe. Consider using wcscat_s instead. To disable deprecation, use _CRT_SECURE_NO_WARNINGS. See online help for details.
  c:\program files (x86)\windows kits\10\include\10.0.10240.0\ucrt\corecrt_wstring.h(101): note: see declaration of 'wcscat'
c:\users\viethq\desktop\winapioverride32_src (1)\tools\process\apioverride\apioverride.cpp(2744): warning C4996: 'wcscpy': This function or variable may be unsafe. Consider using wcscpy_s instead. To disable deprecation, use _CRT_SECURE_NO_WARNINGS. See online help for details.
  c:\program files (x86)\windows kits\10\include\10.0.10240.0\ucrt\corecrt_wstring.h(121): note: see declaration of 'wcscpy'
c:\users\viethq\desktop\winapioverride32_src (1)\tools\process\apioverride\apioverride.cpp(2745): warning C4996: 'wcscat': This function or variable may be unsafe. Consider using wcscat_s instead. To disable deprecation, use _CRT_SECURE_NO_WARNINGS. See online help for details.
  c:\program files (x86)\windows kits\10\include\10.0.10240.0\ucrt\corecrt_wstring.h(101): note: see declaration of 'wcscat'
c:\users\viethq\desktop\winapioverride32_src (1)\tools\process\apioverride\apioverride.cpp(2747): warning C4996: 'wcscpy': This function or variable may be unsafe. Consider using wcscpy_s instead. To disable deprecation, use _CRT_SECURE_NO_WARNINGS. See online help for details.
  c:\program files (x86)\windows kits\10\include\10.0.10240.0\ucrt\corecrt_wstring.h(121): note: see declaration of 'wcscpy'
c:\users\viethq\desktop\winapioverride32_src (1)\tools\process\apioverride\apioverride.cpp(2748): warning C4996: 'wcscat': This function or variable may be unsafe. Consider using wcscat_s instead. To disable deprecation, use _CRT_SECURE_NO_WARNINGS. See online help for details.
  c:\program files (x86)\windows kits\10\include\10.0.10240.0\ucrt\corecrt_wstring.h(101): note: see declaration of 'wcscat'
c:\users\viethq\desktop\winapioverride32_src (1)\tools\process\apioverride\apioverride.cpp(2750): warning C4996: 'wcscpy': This function or variable may be unsafe. Consider using wcscpy_s instead. To disable deprecation, use _CRT_SECURE_NO_WARNINGS. See online help for details.
  c:\program files (x86)\windows kits\10\include\10.0.10240.0\ucrt\corecrt_wstring.h(121): note: see declaration of 'wcscpy'
c:\users\viethq\desktop\winapioverride32_src (1)\tools\process\apioverride\apioverride.cpp(2751): warning C4996: 'wcscat': This function or variable may be unsafe. Consider using wcscat_s instead. To disable deprecation, use _CRT_SECURE_NO_WARNINGS. See online help for details.
  c:\program files (x86)\windows kits\10\include\10.0.10240.0\ucrt\corecrt_wstring.h(101): note: see declaration of 'wcscat'
c:\users\viethq\desktop\winapioverride32_src (1)\tools\process\apioverride\apioverride.cpp(2753): warning C4996: 'wcscpy': This function or variable may be unsafe. Consider using wcscpy_s instead. To disable deprecation, use _CRT_SECURE_NO_WARNINGS. See online help for details.
  c:\program files (x86)\windows kits\10\include\10.0.10240.0\ucrt\corecrt_wstring.h(121): note: see declaration of 'wcscpy'
c:\users\viethq\desktop\winapioverride32_src (1)\tools\process\apioverride\apioverride.cpp(2754): warning C4996: 'wcscat': This function or variable may be unsafe. Consider using wcscat_s instead. To disable deprecation, use _CRT_SECURE_NO_WARNINGS. See online help for details.
  c:\program files (x86)\windows kits\10\include\10.0.10240.0\ucrt\corecrt_wstring.h(101): note: see declaration of 'wcscat'
c:\users\viethq\desktop\winapioverride32_src (1)\tools\process\apioverride\apioverride.cpp(2756): warning C4996: 'wcscpy': This function or variable may be unsafe. Consider using wcscpy_s instead. To disable deprecation, use _CRT_SECURE_NO_WARNINGS. See online help for details.
  c:\program files (x86)\windows kits\10\include\10.0.10240.0\ucrt\corecrt_wstring.h(121): note: see declaration of 'wcscpy'
c:\users\viethq\desktop\winapioverride32_src (1)\tools\process\apioverride\apioverride.cpp(2757): warning C4996: 'wcscat': This function or variable may be unsafe. Consider using wcscat_s instead. To disable deprecation, use _CRT_SECURE_NO_WARNINGS. See online help for details.
  c:\program files (x86)\windows kits\10\include\10.0.10240.0\ucrt\corecrt_wstring.h(101): note: see declaration of 'wcscat'
c:\users\viethq\desktop\winapioverride32_src (1)\tools\process\apioverride\apioverride.cpp(2759): warning C4996: 'wcscpy': This function or variable may be unsafe. Consider using wcscpy_s instead. To disable deprecation, use _CRT_SECURE_NO_WARNINGS. See online help for details.
  c:\program files (x86)\windows kits\10\include\10.0.10240.0\ucrt\corecrt_wstring.h(121): note: see declaration of 'wcscpy'
c:\users\viethq\desktop\winapioverride32_src (1)\tools\process\apioverride\apioverride.cpp(2760): warning C4996: 'wcscat': This function or variable may be unsafe. Consider using wcscat_s instead. To disable deprecation, use _CRT_SECURE_NO_WARNINGS. See online help for details.
  c:\program files (x86)\windows kits\10\include\10.0.10240.0\ucrt\corecrt_wstring.h(101): note: see declaration of 'wcscat'
c:\users\viethq\desktop\winapioverride32_src (1)\tools\process\apioverride\apioverride.cpp(2762): warning C4996: 'wcscpy': This function or variable may be unsafe. Consider using wcscpy_s instead. To disable deprecation, use _CRT_SECURE_NO_WARNINGS. See online help for details.
  c:\program files (x86)\windows kits\10\include\10.0.10240.0\ucrt\corecrt_wstring.h(121): note: see declaration of 'wcscpy'
c:\users\viethq\desktop\winapioverride32_src (1)\tools\process\apioverride\apioverride.cpp(2763): warning C4996: 'wcscat': This function or variable may be unsafe. Consider using wcscat_s instead. To disable deprecation, use _CRT_SECURE_NO_WARNINGS. See online help for details.
  c:\program files (x86)\windows kits\10\include\10.0.10240.0\ucrt\corecrt_wstring.h(101): note: see declaration of 'wcscat'
c:\users\viethq\desktop\winapioverride32_src (1)\tools\process\apioverride\apioverride.cpp(2779): warning C4996: 'wcscpy': This function or variable may be unsafe. Consider using wcscpy_s instead. To disable deprecation, use _CRT_SECURE_NO_WARNINGS. See online help for details.
  c:\program files (x86)\windows kits\10\include\10.0.10240.0\ucrt\corecrt_wstring.h(121): note: see declaration of 'wcscpy'
c:\users\viethq\desktop\winapioverride32_src (1)\tools\process\apioverride\apioverride.cpp(2780): warning C4996: 'wcscat': This function or variable may be unsafe. Consider using wcscat_s instead. To disable deprecation, use _CRT_SECURE_NO_WARNINGS. See online help for details.
  c:\program files (x86)\windows kits\10\include\10.0.10240.0\ucrt\corecrt_wstring.h(101): note: see declaration of 'wcscat'
c:\users\viethq\desktop\winapioverride32_src (1)\tools\process\apioverride\apioverride.cpp(2784): warning C4996: '_snwprintf': This function or variable may be unsafe. Consider using _snwprintf_s instead. To disable deprecation, use _CRT_SECURE_NO_WARNINGS. See online help for details.
  c:\program files (x86)\windows kits\10\include\10.0.10240.0\ucrt\corecrt_wstdio.h(1665): note: see declaration of '_snwprintf'
c:\users\viethq\desktop\winapioverride32_src (1)\tools\process\apioverride\apioverride.cpp(2910): warning C4996: '_snwprintf': This function or variable may be unsafe. Consider using _snwprintf_s instead. To disable deprecation, use _CRT_SECURE_NO_WARNINGS. See online help for details.
  c:\program files (x86)\windows kits\10\include\10.0.10240.0\ucrt\corecrt_wstdio.h(1665): note: see declaration of '_snwprintf'
c:\users\viethq\desktop\winapioverride32_src (1)\tools\process\apioverride\apioverride.cpp(2934): warning C4996: 'wcscpy': This function or variable may be unsafe. Consider using wcscpy_s instead. To disable deprecation, use _CRT_SECURE_NO_WARNINGS. See online help for details.
  c:\program files (x86)\windows kits\10\include\10.0.10240.0\ucrt\corecrt_wstring.h(121): note: see declaration of 'wcscpy'
c:\users\viethq\desktop\winapioverride32_src (1)\tools\process\apioverride\apioverride.cpp(2935): warning C4996: 'wcscat': This function or variable may be unsafe. Consider using wcscat_s instead. To disable deprecation, use _CRT_SECURE_NO_WARNINGS. See online help for details.
  c:\program files (x86)\windows kits\10\include\10.0.10240.0\ucrt\corecrt_wstring.h(101): note: see declaration of 'wcscat'
c:\users\viethq\desktop\winapioverride32_src (1)\tools\process\apioverride\apioverride.cpp(3027): warning C4996: 'wcsncpy': This function or variable may be unsafe. Consider using wcsncpy_s instead. To disable deprecation, use _CRT_SECURE_NO_WARNINGS. See online help for details.
  c:\program files (x86)\windows kits\10\include\10.0.10240.0\ucrt\corecrt_wstring.h(204): note: see declaration of 'wcsncpy'
c:\users\viethq\desktop\winapioverride32_src (1)\tools\process\apioverride\apioverride.cpp(3029): warning C4996: 'wcscpy': This function or variable may be unsafe. Consider using wcscpy_s instead. To disable deprecation, use _CRT_SECURE_NO_WARNINGS. See online help for details.
  c:\program files (x86)\windows kits\10\include\10.0.10240.0\ucrt\corecrt_wstring.h(121): note: see declaration of 'wcscpy'
c:\users\viethq\desktop\winapioverride32_src (1)\tools\process\apioverride\apioverride.cpp(3064): warning C4996: 'wcscpy': This function or variable may be unsafe. Consider using wcscpy_s instead. To disable deprecation, use _CRT_SECURE_NO_WARNINGS. See online help for details.
  c:\program files (x86)\windows kits\10\include\10.0.10240.0\ucrt\corecrt_wstring.h(121): note: see declaration of 'wcscpy'
c:\users\viethq\desktop\winapioverride32_src (1)\tools\process\apioverride\apioverride.cpp(3065): warning C4996: 'wcscat': This function or variable may be unsafe. Consider using wcscat_s instead. To disable deprecation, use _CRT_SECURE_NO_WARNINGS. See online help for details.
  c:\program files (x86)\windows kits\10\include\10.0.10240.0\ucrt\corecrt_wstring.h(101): note: see declaration of 'wcscat'
c:\users\viethq\desktop\winapioverride32_src (1)\tools\process\apioverride\apioverride.cpp(3071): warning C4996: '_swprintf': This function or variable may be unsafe. Consider using _swprintf_s instead. To disable deprecation, use _CRT_SECURE_NO_WARNINGS. See online help for details.
  c:\program files (x86)\windows kits\10\include\10.0.10240.0\ucrt\corecrt_wstdio.h(1444): note: see declaration of '_swprintf'
c:\users\viethq\desktop\winapioverride32_src (1)\tools\process\apioverride\apioverride.cpp(3085): warning C4996: '_swprintf': This function or variable may be unsafe. Consider using _swprintf_s instead. To disable deprecation, use _CRT_SECURE_NO_WARNINGS. See online help for details.
  c:\program files (x86)\windows kits\10\include\10.0.10240.0\ucrt\corecrt_wstdio.h(1444): note: see declaration of '_swprintf'
c:\users\viethq\desktop\winapioverride32_src (1)\tools\process\apioverride\apioverride.cpp(3099): warning C4996: 'wcscpy': This function or variable may be unsafe. Consider using wcscpy_s instead. To disable deprecation, use _CRT_SECURE_NO_WARNINGS. See online help for details.
  c:\program files (x86)\windows kits\10\include\10.0.10240.0\ucrt\corecrt_wstring.h(121): note: see declaration of 'wcscpy'
c:\users\viethq\desktop\winapioverride32_src (1)\tools\process\apioverride\apioverride.cpp(3100): warning C4996: 'wcscat': This function or variable may be unsafe. Consider using wcscat_s instead. To disable deprecation, use _CRT_SECURE_NO_WARNINGS. See online help for details.
  c:\program files (x86)\windows kits\10\include\10.0.10240.0\ucrt\corecrt_wstring.h(101): note: see declaration of 'wcscat'
c:\users\viethq\desktop\winapioverride32_src (1)\tools\process\apioverride\apioverride.cpp(3102): warning C4996: 'wcscpy': This function or variable may be unsafe. Consider using wcscpy_s instead. To disable deprecation, use _CRT_SECURE_NO_WARNINGS. See online help for details.
  c:\program files (x86)\windows kits\10\include\10.0.10240.0\ucrt\corecrt_wstring.h(121): note: see declaration of 'wcscpy'
c:\users\viethq\desktop\winapioverride32_src (1)\tools\process\apioverride\apioverride.cpp(3103): warning C4996: 'wcscat': This function or variable may be unsafe. Consider using wcscat_s instead. To disable deprecation, use _CRT_SECURE_NO_WARNINGS. See online help for details.
  c:\program files (x86)\windows kits\10\include\10.0.10240.0\ucrt\corecrt_wstring.h(101): note: see declaration of 'wcscat'
c:\users\viethq\desktop\winapioverride32_src (1)\tools\process\apioverride\apioverride.cpp(3128): warning C4996: 'wcscat': This function or variable may be unsafe. Consider using wcscat_s instead. To disable deprecation, use _CRT_SECURE_NO_WARNINGS. See online help for details.
  c:\program files (x86)\windows kits\10\include\10.0.10240.0\ucrt\corecrt_wstring.h(101): note: see declaration of 'wcscat'
c:\users\viethq\desktop\winapioverride32_src (1)\tools\process\apioverride\apioverride.cpp(3129): warning C4996: 'wcscat': This function or variable may be unsafe. Consider using wcscat_s instead. To disable deprecation, use _CRT_SECURE_NO_WARNINGS. See online help for details.
  c:\program files (x86)\windows kits\10\include\10.0.10240.0\ucrt\corecrt_wstring.h(101): note: see declaration of 'wcscat'
c:\users\viethq\desktop\winapioverride32_src (1)\tools\process\apioverride\apioverride.cpp(3130): warning C4996: 'wcscat': This function or variable may be unsafe. Consider using wcscat_s instead. To disable deprecation, use _CRT_SECURE_NO_WARNINGS. See online help for details.
  c:\program files (x86)\windows kits\10\include\10.0.10240.0\ucrt\corecrt_wstring.h(101): note: see declaration of 'wcscat'
c:\users\viethq\desktop\winapioverride32_src (1)\tools\process\apioverride\apioverride.cpp(3251): warning C4996: 'wcscpy': This function or variable may be unsafe. Consider using wcscpy_s instead. To disable deprecation, use _CRT_SECURE_NO_WARNINGS. See online help for details.
  c:\program files (x86)\windows kits\10\include\10.0.10240.0\ucrt\corecrt_wstring.h(121): note: see declaration of 'wcscpy'
c:\users\viethq\desktop\winapioverride32_src (1)\tools\process\apioverride\apioverride.cpp(3298): warning C4996: '_swprintf': This function or variable may be unsafe. Consider using _swprintf_s instead. To disable deprecation, use _CRT_SECURE_NO_WARNINGS. See online help for details.
  c:\program files (x86)\windows kits\10\include\10.0.10240.0\ucrt\corecrt_wstdio.h(1444): note: see declaration of '_swprintf'
c:\users\viethq\desktop\winapioverride32_src (1)\tools\process\apioverride\apioverride.cpp(3299): warning C4996: 'wcscpy': This function or variable may be unsafe. Consider using wcscpy_s instead. To disable deprecation, use _CRT_SECURE_NO_WARNINGS. See online help for details.
  c:\program files (x86)\windows kits\10\include\10.0.10240.0\ucrt\corecrt_wstring.h(121): note: see declaration of 'wcscpy'
c:\users\viethq\desktop\winapioverride32_src (1)\tools\process\apioverride\apioverride.cpp(3300): warning C4996: 'wcscat': This function or variable may be unsafe. Consider using wcscat_s instead. To disable deprecation, use _CRT_SECURE_NO_WARNINGS. See online help for details.
  c:\program files (x86)\windows kits\10\include\10.0.10240.0\ucrt\corecrt_wstring.h(101): note: see declaration of 'wcscat'
c:\users\viethq\desktop\winapioverride32_src (1)\tools\process\apioverride\apioverride.cpp(3408): warning C4458: declaration of 'ProcessPath' hides class member
  c:\users\viethq\desktop\winapioverride32_src (1)\tools\process\apioverride\apioverride.h(110): note: see declaration of 'CApiOverride::ProcessPath'
c:\users\viethq\desktop\winapioverride32_src (1)\tools\process\apioverride\apioverride.cpp(3510): warning C4996: 'wcscpy': This function or variable may be unsafe. Consider using wcscpy_s instead. To disable deprecation, use _CRT_SECURE_NO_WARNINGS. See online help for details.
  c:\program files (x86)\windows kits\10\include\10.0.10240.0\ucrt\corecrt_wstring.h(121): note: see declaration of 'wcscpy'
c:\users\viethq\desktop\winapioverride32_src (1)\tools\process\apioverride\apioverride.cpp(3550): warning C4996: '_swprintf': This function or variable may be unsafe. Consider using _swprintf_s instead. To disable deprecation, use _CRT_SECURE_NO_WARNINGS. See online help for details.
  c:\program files (x86)\windows kits\10\include\10.0.10240.0\ucrt\corecrt_wstdio.h(1444): note: see declaration of '_swprintf'
c:\users\viethq\desktop\winapioverride32_src (1)\tools\process\apioverride\apioverride.cpp(3563): warning C4996: '_swprintf': This function or variable may be unsafe. Consider using _swprintf_s instead. To disable deprecation, use _CRT_SECURE_NO_WARNINGS. See online help for details.
  c:\program files (x86)\windows kits\10\include\10.0.10240.0\ucrt\corecrt_wstdio.h(1444): note: see declaration of '_swprintf'
c:\users\viethq\desktop\winapioverride32_src (1)\tools\process\apioverride\apioverride.cpp(4237): warning C4996: '_itow': This function or variable may be unsafe. Consider using _itow_s instead. To disable deprecation, use _CRT_SECURE_NO_WARNINGS. See online help for details.
  c:\program files (x86)\windows kits\10\include\10.0.10240.0\ucrt\corecrt_wstdlib.h(67): note: see declaration of '_itow'
c:\users\viethq\desktop\winapioverride32_src (1)\tools\process\apioverride\apioverride.cpp(4243): warning C4996: 'wcscpy': This function or variable may be unsafe. Consider using wcscpy_s instead. To disable deprecation, use _CRT_SECURE_NO_WARNINGS. See online help for details.
  c:\program files (x86)\windows kits\10\include\10.0.10240.0\ucrt\corecrt_wstring.h(121): note: see declaration of 'wcscpy'
c:\users\viethq\desktop\winapioverride32_src (1)\tools\process\apioverride\apioverride.cpp(4246): warning C4996: 'wcscpy': This function or variable may be unsafe. Consider using wcscpy_s instead. To disable deprecation, use _CRT_SECURE_NO_WARNINGS. See online help for details.
  c:\program files (x86)\windows kits\10\include\10.0.10240.0\ucrt\corecrt_wstring.h(121): note: see declaration of 'wcscpy'
c:\users\viethq\desktop\winapioverride32_src (1)\tools\process\apioverride\apioverride.cpp(4249): warning C4996: 'wcscpy': This function or variable may be unsafe. Consider using wcscpy_s instead. To disable deprecation, use _CRT_SECURE_NO_WARNINGS. See online help for details.
  c:\program files (x86)\windows kits\10\include\10.0.10240.0\ucrt\corecrt_wstring.h(121): note: see declaration of 'wcscpy'
c:\users\viethq\desktop\winapioverride32_src (1)\tools\process\apioverride\apioverride.cpp(4254): warning C4996: 'wcsncpy': This function or variable may be unsafe. Consider using wcsncpy_s instead. To disable deprecation, use _CRT_SECURE_NO_WARNINGS. See online help for details.
  c:\program files (x86)\windows kits\10\include\10.0.10240.0\ucrt\corecrt_wstring.h(204): note: see declaration of 'wcsncpy'
c:\users\viethq\desktop\winapioverride32_src (1)\tools\process\apioverride\apioverride.cpp(4261): warning C4996: '_snwprintf': This function or variable may be unsafe. Consider using _snwprintf_s instead. To disable deprecation, use _CRT_SECURE_NO_WARNINGS. See online help for details.
  c:\program files (x86)\windows kits\10\include\10.0.10240.0\ucrt\corecrt_wstdio.h(1665): note: see declaration of '_snwprintf'
c:\users\viethq\desktop\winapioverride32_src (1)\tools\process\apioverride\apioverride.cpp(4265): warning C4996: '_snwprintf': This function or variable may be unsafe. Consider using _snwprintf_s instead. To disable deprecation, use _CRT_SECURE_NO_WARNINGS. See online help for details.
  c:\program files (x86)\windows kits\10\include\10.0.10240.0\ucrt\corecrt_wstdio.h(1665): note: see declaration of '_snwprintf'
c:\users\viethq\desktop\winapioverride32_src (1)\tools\process\apioverride\apioverride.cpp(4278): warning C4996: '_snwprintf': This function or variable may be unsafe. Consider using _snwprintf_s instead. To disable deprecation, use _CRT_SECURE_NO_WARNINGS. See online help for details.
  c:\program files (x86)\windows kits\10\include\10.0.10240.0\ucrt\corecrt_wstdio.h(1665): note: see declaration of '_snwprintf'
c:\users\viethq\desktop\winapioverride32_src (1)\tools\process\apioverride\apioverride.cpp(4282): warning C4996: 'wcscpy': This function or variable may be unsafe. Consider using wcscpy_s instead. To disable deprecation, use _CRT_SECURE_NO_WARNINGS. See online help for details.
  c:\program files (x86)\windows kits\10\include\10.0.10240.0\ucrt\corecrt_wstring.h(121): note: see declaration of 'wcscpy'
c:\users\viethq\desktop\winapioverride32_src (1)\tools\process\apioverride\apioverride.cpp(4286): warning C4996: 'wcscpy': This function or variable may be unsafe. Consider using wcscpy_s instead. To disable deprecation, use _CRT_SECURE_NO_WARNINGS. See online help for details.
  c:\program files (x86)\windows kits\10\include\10.0.10240.0\ucrt\corecrt_wstring.h(121): note: see declaration of 'wcscpy'
c:\users\viethq\desktop\winapioverride32_src (1)\tools\process\apioverride\apioverride.cpp(4292): warning C4996: '_snwprintf': This function or variable may be unsafe. Consider using _snwprintf_s instead. To disable deprecation, use _CRT_SECURE_NO_WARNINGS. See online help for details.
  c:\program files (x86)\windows kits\10\include\10.0.10240.0\ucrt\corecrt_wstdio.h(1665): note: see declaration of '_snwprintf'
c:\users\viethq\desktop\winapioverride32_src (1)\tools\process\apioverride\apioverride.cpp(4295): warning C4996: '_snwprintf': This function or variable may be unsafe. Consider using _snwprintf_s instead. To disable deprecation, use _CRT_SECURE_NO_WARNINGS. See online help for details.
  c:\program files (x86)\windows kits\10\include\10.0.10240.0\ucrt\corecrt_wstdio.h(1665): note: see declaration of '_snwprintf'
c:\users\viethq\desktop\winapioverride32_src (1)\tools\process\apioverride\apioverride.cpp(4298): warning C4996: 'wcsncpy': This function or variable may be unsafe. Consider using wcsncpy_s instead. To disable deprecation, use _CRT_SECURE_NO_WARNINGS. See online help for details.
  c:\program files (x86)\windows kits\10\include\10.0.10240.0\ucrt\corecrt_wstring.h(204): note: see declaration of 'wcsncpy'
c:\users\viethq\desktop\winapioverride32_src (1)\tools\process\apioverride\apioverride.cpp(4303): warning C4996: '_snwprintf': This function or variable may be unsafe. Consider using _snwprintf_s instead. To disable deprecation, use _CRT_SECURE_NO_WARNINGS. See online help for details.
  c:\program files (x86)\windows kits\10\include\10.0.10240.0\ucrt\corecrt_wstdio.h(1665): note: see declaration of '_snwprintf'
c:\users\viethq\desktop\winapioverride32_src (1)\tools\process\apioverride\apioverride.cpp(4306): warning C4996: '_snwprintf': This function or variable may be unsafe. Consider using _snwprintf_s instead. To disable deprecation, use _CRT_SECURE_NO_WARNINGS. See online help for details.
  c:\program files (x86)\windows kits\10\include\10.0.10240.0\ucrt\corecrt_wstdio.h(1665): note: see declaration of '_snwprintf'
c:\users\viethq\desktop\winapioverride32_src (1)\tools\process\apioverride\apioverride.cpp(4324): warning C4996: '_snwprintf': This function or variable may be unsafe. Consider using _snwprintf_s instead. To disable deprecation, use _CRT_SECURE_NO_WARNINGS. See online help for details.
  c:\program files (x86)\windows kits\10\include\10.0.10240.0\ucrt\corecrt_wstdio.h(1665): note: see declaration of '_snwprintf'
c:\users\viethq\desktop\winapioverride32_src (1)\tools\process\apioverride\apioverride.cpp(4341): warning C4996: '_swprintf': This function or variable may be unsafe. Consider using _swprintf_s instead. To disable deprecation, use _CRT_SECURE_NO_WARNINGS. See online help for details.
  c:\program files (x86)\windows kits\10\include\10.0.10240.0\ucrt\corecrt_wstdio.h(1444): note: see declaration of '_swprintf'
c:\users\viethq\desktop\winapioverride32_src (1)\tools\process\apioverride\apioverride.cpp(4353): warning C4996: '_snwprintf': This function or variable may be unsafe. Consider using _snwprintf_s instead. To disable deprecation, use _CRT_SECURE_NO_WARNINGS. See online help for details.
  c:\program files (x86)\windows kits\10\include\10.0.10240.0\ucrt\corecrt_wstdio.h(1665): note: see declaration of '_snwprintf'
c:\users\viethq\desktop\winapioverride32_src (1)\tools\process\apioverride\apioverride.cpp(4366): warning C4996: '_snwprintf': This function or variable may be unsafe. Consider using _snwprintf_s instead. To disable deprecation, use _CRT_SECURE_NO_WARNINGS. See online help for details.
  c:\program files (x86)\windows kits\10\include\10.0.10240.0\ucrt\corecrt_wstdio.h(1665): note: see declaration of '_snwprintf'
c:\users\viethq\desktop\winapioverride32_src (1)\tools\process\apioverride\apioverride.cpp(4378): warning C4996: 'wcsncat': This function or variable may be unsafe. Consider using wcsncat_s instead. To disable deprecation, use _CRT_SECURE_NO_WARNINGS. See online help for details.
  c:\program files (x86)\windows kits\10\include\10.0.10240.0\ucrt\corecrt_wstring.h(182): note: see declaration of 'wcsncat'
c:\users\viethq\desktop\winapioverride32_src (1)\tools\process\apioverride\apioverride.cpp(4382): warning C4996: 'wcsncat': This function or variable may be unsafe. Consider using wcsncat_s instead. To disable deprecation, use _CRT_SECURE_NO_WARNINGS. See online help for details.
  c:\program files (x86)\windows kits\10\include\10.0.10240.0\ucrt\corecrt_wstring.h(182): note: see declaration of 'wcsncat'
c:\users\viethq\desktop\winapioverride32_src (1)\tools\process\apioverride\apioverride.cpp(4385): warning C4996: 'wcscat': This function or variable may be unsafe. Consider using wcscat_s instead. To disable deprecation, use _CRT_SECURE_NO_WARNINGS. See online help for details.
  c:\program files (x86)\windows kits\10\include\10.0.10240.0\ucrt\corecrt_wstring.h(101): note: see declaration of 'wcscat'
c:\users\viethq\desktop\winapioverride32_src (1)\tools\process\apioverride\apioverride.cpp(4393): warning C4996: 'wcscat': This function or variable may be unsafe. Consider using wcscat_s instead. To disable deprecation, use _CRT_SECURE_NO_WARNINGS. See online help for details.
  c:\program files (x86)\windows kits\10\include\10.0.10240.0\ucrt\corecrt_wstring.h(101): note: see declaration of 'wcscat'
c:\users\viethq\desktop\winapioverride32_src (1)\tools\process\apioverride\apioverride.cpp(4410): warning C4996: 'wcsncat': This function or variable may be unsafe. Consider using wcsncat_s instead. To disable deprecation, use _CRT_SECURE_NO_WARNINGS. See online help for details.
  c:\program files (x86)\windows kits\10\include\10.0.10240.0\ucrt\corecrt_wstring.h(182): note: see declaration of 'wcsncat'
c:\users\viethq\desktop\winapioverride32_src (1)\tools\process\apioverride\apioverride.cpp(4435): warning C4996: 'wcscat': This function or variable may be unsafe. Consider using wcscat_s instead. To disable deprecation, use _CRT_SECURE_NO_WARNINGS. See online help for details.
  c:\program files (x86)\windows kits\10\include\10.0.10240.0\ucrt\corecrt_wstring.h(101): note: see declaration of 'wcscat'
c:\users\viethq\desktop\winapioverride32_src (1)\tools\process\apioverride\apioverride.cpp(4454): warning C4996: '_itow': This function or variable may be unsafe. Consider using _itow_s instead. To disable deprecation, use _CRT_SECURE_NO_WARNINGS. See online help for details.
  c:\program files (x86)\windows kits\10\include\10.0.10240.0\ucrt\corecrt_wstdlib.h(67): note: see declaration of '_itow'
c:\users\viethq\desktop\winapioverride32_src (1)\tools\process\apioverride\apioverride.cpp(4479): warning C4996: 'wcscpy': This function or variable may be unsafe. Consider using wcscpy_s instead. To disable deprecation, use _CRT_SECURE_NO_WARNINGS. See online help for details.
  c:\program files (x86)\windows kits\10\include\10.0.10240.0\ucrt\corecrt_wstring.h(121): note: see declaration of 'wcscpy'
c:\users\viethq\desktop\winapioverride32_src (1)\tools\process\apioverride\apioverride.cpp(4527): warning C4996: '_snwprintf': This function or variable may be unsafe. Consider using _snwprintf_s instead. To disable deprecation, use _CRT_SECURE_NO_WARNINGS. See online help for details.
  c:\program files (x86)\windows kits\10\include\10.0.10240.0\ucrt\corecrt_wstdio.h(1665): note: see declaration of '_snwprintf'
c:\users\viethq\desktop\winapioverride32_src (1)\tools\process\apioverride\apioverride.cpp(4789): warning C4996: '_snwprintf': This function or variable may be unsafe. Consider using _snwprintf_s instead. To disable deprecation, use _CRT_SECURE_NO_WARNINGS. See online help for details.
  c:\program files (x86)\windows kits\10\include\10.0.10240.0\ucrt\corecrt_wstdio.h(1665): note: see declaration of '_snwprintf'
c:\users\viethq\desktop\winapioverride32_src (1)\tools\process\apioverride\apioverride.cpp(4827): warning C4996: '_snwprintf': This function or variable may be unsafe. Consider using _snwprintf_s instead. To disable deprecation, use _CRT_SECURE_NO_WARNINGS. See online help for details.
  c:\program files (x86)\windows kits\10\include\10.0.10240.0\ucrt\corecrt_wstdio.h(1665): note: see declaration of '_snwprintf'
c:\users\viethq\desktop\winapioverride32_src (1)\tools\process\apioverride\apioverride.cpp(5051): warning C4996: 'wcscpy': This function or variable may be unsafe. Consider using wcscpy_s instead. To disable deprecation, use _CRT_SECURE_NO_WARNINGS. See online help for details.
  c:\program files (x86)\windows kits\10\include\10.0.10240.0\ucrt\corecrt_wstring.h(121): note: see declaration of 'wcscpy'
c:\users\viethq\desktop\winapioverride32_src (1)\tools\process\apioverride\apioverride.cpp(5052): warning C4996: 'wcscat': This function or variable may be unsafe. Consider using wcscat_s instead. To disable deprecation, use _CRT_SECURE_NO_WARNINGS. See online help for details.
  c:\program files (x86)\windows kits\10\include\10.0.10240.0\ucrt\corecrt_wstring.h(101): note: see declaration of 'wcscat'
c:\users\viethq\desktop\winapioverride32_src (1)\tools\process\apioverride\apioverride.cpp(5106): warning C4996: '_snwprintf': This function or variable may be unsafe. Consider using _snwprintf_s instead. To disable deprecation, use _CRT_SECURE_NO_WARNINGS. See online help for details.
  c:\program files (x86)\windows kits\10\include\10.0.10240.0\ucrt\corecrt_wstdio.h(1665): note: see declaration of '_snwprintf'
c:\users\viethq\desktop\winapioverride32_src (1)\tools\process\apioverride\apioverride.cpp(5131): warning C4996: '_swprintf': This function or variable may be unsafe. Consider using _swprintf_s instead. To disable deprecation, use _CRT_SECURE_NO_WARNINGS. See online help for details.
  c:\program files (x86)\windows kits\10\include\10.0.10240.0\ucrt\corecrt_wstdio.h(1444): note: see declaration of '_swprintf'
c:\users\viethq\desktop\winapioverride32_src (1)\tools\process\apioverride\apioverride.cpp(5132): warning C4996: 'wcscpy': This function or variable may be unsafe. Consider using wcscpy_s instead. To disable deprecation, use _CRT_SECURE_NO_WARNINGS. See online help for details.
  c:\program files (x86)\windows kits\10\include\10.0.10240.0\ucrt\corecrt_wstring.h(121): note: see declaration of 'wcscpy'
c:\users\viethq\desktop\winapioverride32_src (1)\tools\process\apioverride\apioverride.cpp(5133): warning C4996: 'wcscat': This function or variable may be unsafe. Consider using wcscat_s instead. To disable deprecation, use _CRT_SECURE_NO_WARNINGS. See online help for details.
  c:\program files (x86)\windows kits\10\include\10.0.10240.0\ucrt\corecrt_wstring.h(101): note: see declaration of 'wcscat'
c:\users\viethq\desktop\winapioverride32_src (1)\tools\process\apioverride\apioverride.cpp(5396): warning C4996: '_swprintf': This function or variable may be unsafe. Consider using _swprintf_s instead. To disable deprecation, use _CRT_SECURE_NO_WARNINGS. See online help for details.
  c:\program files (x86)\windows kits\10\include\10.0.10240.0\ucrt\corecrt_wstdio.h(1444): note: see declaration of '_swprintf'
c:\users\viethq\desktop\winapioverride32_src (1)\tools\process\apioverride\apioverride.cpp(5418): warning C4996: '_swprintf': This function or variable may be unsafe. Consider using _swprintf_s instead. To disable deprecation, use _CRT_SECURE_NO_WARNINGS. See online help for details.
  c:\program files (x86)\windows kits\10\include\10.0.10240.0\ucrt\corecrt_wstdio.h(1444): note: see declaration of '_swprintf'
c:\users\viethq\desktop\winapioverride32_src (1)\tools\process\apioverride\apioverride.cpp(5434): warning C4996: '_swprintf': This function or variable may be unsafe. Consider using _swprintf_s instead. To disable deprecation, use _CRT_SECURE_NO_WARNINGS. See online help for details.
  c:\program files (x86)\windows kits\10\include\10.0.10240.0\ucrt\corecrt_wstdio.h(1444): note: see declaration of '_swprintf'
  WinApiOverrideLib.vcxproj -> C:\Users\VietHQ\Desktop\winapioverride32_src (1)\WinAPIOverride32\_lib\lib\DebugUnicode\WinApiOverrideLib.lib
